{
  "RSpec": {
    "coverage": {
      "/Users/githop/stuff/dev_cannabroker/conf_mvp/app/models/user.rb": [
        1,
        null,
        null,
        1,
        null,
        null,
        1,
        1,
        null,
        1,
        0,
        null,
        null,
        null,
        null
      ],
      "/Users/githop/stuff/dev_cannabroker/conf_mvp/app/controllers/application_controller.rb": [
        1,
        null,
        null,
        1,
        1,
        null,
        1,
        null,
        1,
        0,
        0,
        null,
        null
      ],
      "/Users/githop/stuff/dev_cannabroker/conf_mvp/app/helpers/application_helper.rb": [
        1,
        null
      ],
      "/Users/githop/stuff/dev_cannabroker/conf_mvp/app/helpers/admin_helper.rb": [
        1,
        null
      ],
      "/Users/githop/stuff/dev_cannabroker/conf_mvp/app/helpers/concentrates_helper.rb": [
        1,
        null
      ],
      "/Users/githop/stuff/dev_cannabroker/conf_mvp/app/helpers/edibles_helper.rb": [
        1,
        null
      ],
      "/Users/githop/stuff/dev_cannabroker/conf_mvp/app/helpers/flowers_helper.rb": [
        1,
        null
      ],
      "/Users/githop/stuff/dev_cannabroker/conf_mvp/app/helpers/merchants_helper.rb": [
        1,
        null
      ],
      "/Users/githop/stuff/dev_cannabroker/conf_mvp/app/helpers/welcome_helper.rb": [
        1,
        null
      ],
      "/Users/githop/stuff/dev_cannabroker/conf_mvp/app/controllers/admin_controller.rb": [
        1,
        1,
        null,
        1,
        0,
        0,
        0,
        null,
        null,
        null
      ],
      "/Users/githop/stuff/dev_cannabroker/conf_mvp/app/controllers/concentrates_controller.rb": [
        1,
        1,
        null,
        1,
        0,
        null,
        null,
        1,
        0,
        null,
        null,
        1,
        0,
        0,
        0,
        null,
        null,
        1,
        0,
        0,
        0,
        0,
        0,
        0,
        null,
        null,
        null,
        1,
        0,
        0,
        0,
        null,
        null,
        1,
        0,
        0,
        0,
        null,
        0,
        null,
        null,
        null,
        1,
        null,
        1,
        0,
        null,
        null
      ],
      "/Users/githop/stuff/dev_cannabroker/conf_mvp/app/controllers/edibles_controller.rb": [
        1,
        1,
        null,
        1,
        0,
        null,
        null,
        1,
        0,
        null,
        null,
        1,
        0,
        0,
        0,
        null,
        null,
        1,
        0,
        0,
        0,
        0,
        0,
        null,
        null,
        null,
        1,
        0,
        0,
        0,
        null,
        null,
        1,
        0,
        0,
        0,
        0,
        null,
        0,
        null,
        null,
        null,
        1,
        null,
        1,
        0,
        null,
        null,
        null
      ],
      "/Users/githop/stuff/dev_cannabroker/conf_mvp/app/controllers/flowers_controller.rb": [
        1,
        1,
        null,
        1,
        0,
        null,
        null,
        1,
        0,
        null,
        null,
        1,
        0,
        0,
        null,
        null,
        1,
        0,
        0,
        0,
        0,
        0,
        null,
        null,
        null,
        1,
        0,
        0,
        null,
        null,
        1,
        0,
        0,
        0,
        0,
        0,
        null,
        0,
        null,
        null,
        null,
        1,
        null,
        1,
        0,
        null,
        null,
        1,
        0,
        null,
        null,
        1,
        0,
        0,
        0,
        null,
        null,
        null,
        null
      ],
      "/Users/githop/stuff/dev_cannabroker/conf_mvp/app/controllers/merchants_controller.rb": [
        1,
        1,
        1,
        0,
        null,
        null,
        1,
        0,
        null,
        null,
        1,
        0,
        null,
        null,
        1,
        0,
        0,
        null,
        null,
        1,
        0,
        0,
        0,
        0,
        null,
        null,
        null,
        1,
        0,
        0,
        null,
        null,
        1,
        0,
        0,
        0,
        0,
        null,
        0,
        null,
        null,
        null,
        1,
        null,
        1,
        0,
        null,
        null
      ],
      "/Users/githop/stuff/dev_cannabroker/conf_mvp/app/controllers/welcome_controller.rb": [
        1,
        null,
        1,
        0,
        null,
        null,
        null
      ],
      "/Users/githop/stuff/dev_cannabroker/conf_mvp/app/models/concentrate.rb": [
        1,
        1,
        1,
        null,
        1,
        1,
        1,
        null
      ],
      "/Users/githop/stuff/dev_cannabroker/conf_mvp/app/models/edible.rb": [
        1,
        1,
        1,
        null,
        1,
        1,
        1,
        null
      ],
      "/Users/githop/stuff/dev_cannabroker/conf_mvp/app/models/flower.rb": [
        1,
        1,
        1,
        null,
        1,
        1,
        1,
        null
      ],
      "/Users/githop/stuff/dev_cannabroker/conf_mvp/app/models/inventory.rb": [
        1,
        1,
        1,
        1,
        1,
        null
      ],
      "/Users/githop/stuff/dev_cannabroker/conf_mvp/app/models/merchant.rb": [
        1,
        1,
        1,
        1,
        1,
        null,
        1,
        1,
        1,
        1,
        null,
        1,
        96,
        null,
        null,
        1,
        96,
        null,
        null
      ],
      "/Users/githop/stuff/dev_cannabroker/conf_mvp/app/policies/application_policy.rb": [
        1,
        1,
        0,
        0,
        0,
        null,
        null
      ],
      "/Users/githop/stuff/dev_cannabroker/conf_mvp/app/policies/concentrate_policy.rb": [
        1,
        1,
        null,
        1,
        0,
        0,
        null,
        null,
        1,
        0,
        null,
        null,
        1,
        0,
        null,
        null,
        1,
        0,
        null,
        null,
        1,
        0,
        null,
        null
      ],
      "/Users/githop/stuff/dev_cannabroker/conf_mvp/app/policies/edible_policy.rb": [
        1,
        1,
        null,
        1,
        0,
        0,
        null,
        null,
        1,
        0,
        null,
        null,
        1,
        0,
        null,
        null,
        1,
        0,
        null,
        null,
        1,
        0,
        null,
        null
      ],
      "/Users/githop/stuff/dev_cannabroker/conf_mvp/app/policies/flower_policy.rb": [
        1,
        1,
        null,
        1,
        0,
        0,
        null,
        null,
        1,
        0,
        null,
        null,
        1,
        0,
        null,
        null,
        1,
        0,
        null,
        null,
        1,
        0,
        null,
        null
      ],
      "/Users/githop/stuff/dev_cannabroker/conf_mvp/app/policies/merchant_policy.rb": [
        1,
        1,
        null,
        1,
        0,
        0,
        null,
        null,
        1,
        0,
        null,
        null,
        1,
        0,
        null,
        null,
        1,
        0,
        null,
        null,
        1,
        0,
        null,
        null
      ],
      "/Users/githop/stuff/dev_cannabroker/conf_mvp/app/policies/user_policy.rb": [
        1,
        1,
        null,
        1,
        0,
        0,
        null,
        null,
        1,
        0,
        null,
        null
      ],
      "/Users/githop/stuff/dev_cannabroker/conf_mvp/app/services/create_admin_service.rb": [
        1,
        1,
        0,
        0,
        0,
        0,
        null,
        null,
        null
      ]
    },
    "timestamp": 1413672238
  }
}
